<?xml version="1.0" encoding="UTF-8"?>
<testsuites>
  <testsuite name="" tests="113" assertions="291" failures="59" errors="1" time="2.991512">
    <testsuite name="Bootstrap" tests="8" assertions="5" failures="0" errors="1" time="0.990890">
      <testsuite name="agaviBootstrapTest" file="/usr/local/icinga-web/etc/tests/tests/bootstrap/agaviBootstrapTest.php" tests="2" assertions="2" failures="0" errors="0" time="0.261625">
        <testcase name="testRequiredFileAvailabilty" class="agaviBootstrapTest" file="/usr/local/icinga-web/etc/tests/tests/bootstrap/agaviBootstrapTest.php" line="15" assertions="1" time="0.000000"/>
        <testcase name="testBootstrap" class="agaviBootstrapTest" file="/usr/local/icinga-web/etc/tests/tests/bootstrap/agaviBootstrapTest.php" line="29" assertions="1" time="0.261625"/>
      </testsuite>
      <testsuite name="ConsoleInterfaceTest" file="/usr/local/icinga-web/etc/tests/tests/api/ConsoleInterfaceTest.php" tests="6" assertions="3" failures="0" errors="1" time="0.729265">
        <testcase name="testInterfaceInstance" class="ConsoleInterfaceTest" file="/usr/local/icinga-web/etc/tests/tests/api/ConsoleInterfaceTest.php" line="5" assertions="0" time="0.007196"/>
        <testcase name="testUnknownHostInstance" class="ConsoleInterfaceTest" file="/usr/local/icinga-web/etc/tests/tests/api/ConsoleInterfaceTest.php" line="15" assertions="1" time="0.000000"/>
        <testcase name="testCommandSetup" class="ConsoleInterfaceTest" file="/usr/local/icinga-web/etc/tests/tests/api/ConsoleInterfaceTest.php" line="19" assertions="1" time="0.041152"/>
        <testcase name="testInvalidCommand" class="ConsoleInterfaceTest" file="/usr/local/icinga-web/etc/tests/tests/api/ConsoleInterfaceTest.php" line="55" assertions="1" time="0.001297"/>
        <testcase name="testSshConnection" class="ConsoleInterfaceTest" file="/usr/local/icinga-web/etc/tests/tests/api/ConsoleInterfaceTest.php" line="73" assertions="0" time="0.576917"/>
        <testcase name="testSshKeyConnection" class="ConsoleInterfaceTest" file="/usr/local/icinga-web/etc/tests/tests/api/ConsoleInterfaceTest.php" line="90" assertions="0" time="0.102703">
          <error type="PHPUnit_Framework_Error_Warning">ConsoleInterfaceTest::testSshKeyConnection
ssh2_auth_pubkey_file(): Authentication failed for testuser using public key

/usr/local/icinga-web/app/modules/Api/lib/console/SshConsoleConnection.class.php:42
/usr/local/icinga-web/app/modules/Api/lib/console/SshConsoleConnection.class.php:88
/usr/local/icinga-web/app/modules/Api/models/Console/ConsoleInterfaceModel.class.php:41
/usr/local/icinga-web/etc/tests/tests/api/ConsoleInterfaceTest.php:104
</error>
        </testcase>
      </testsuite>
    </testsuite>
    <testsuite name="API" tests="105" assertions="286" failures="59" errors="0" time="2.000622">
      <testsuite name="HostOverviewTest" file="/usr/local/icinga-web/etc/tests/tests/api/hosts/HostOverviewTest.php" tests="7" assertions="97" failures="0" errors="0" time="0.802564">
        <testcase name="testHostListing" class="HostOverviewTest" file="/usr/local/icinga-web/etc/tests/tests/api/hosts/HostOverviewTest.php" line="4" assertions="2" time="0.043863"/>
        <testcase name="testStatusFilters" class="HostOverviewTest" file="/usr/local/icinga-web/etc/tests/tests/api/hosts/HostOverviewTest.php" line="15" assertions="33" time="0.323237"/>
        <testcase name="testNameFilters" class="HostOverviewTest" file="/usr/local/icinga-web/etc/tests/tests/api/hosts/HostOverviewTest.php" line="42" assertions="5" time="0.016308"/>
        <testcase name="testInstanceFilters" class="HostOverviewTest" file="/usr/local/icinga-web/etc/tests/tests/api/hosts/HostOverviewTest.php" line="59" assertions="34" time="0.275238"/>
        <testcase name="testIdFilters" class="HostOverviewTest" file="/usr/local/icinga-web/etc/tests/tests/api/hosts/HostOverviewTest.php" line="91" assertions="6" time="0.026811"/>
        <testcase name="testCustomVarFilters" class="HostOverviewTest" file="/usr/local/icinga-web/etc/tests/tests/api/hosts/HostOverviewTest.php" line="113" assertions="4" time="0.031759"/>
        <testcase name="testHostgroupFilters" class="HostOverviewTest" file="/usr/local/icinga-web/etc/tests/tests/api/hosts/HostOverviewTest.php" line="131" assertions="13" time="0.085348"/>
      </testsuite>
      <testsuite name="HostCommentsTest" file="/usr/local/icinga-web/etc/tests/tests/api/hosts/HostCommentsTest.php" tests="2" assertions="0" failures="2" errors="0" time="0.001307">
        <testcase name="testInsertComment" class="HostCommentsTest" file="/usr/local/icinga-web/etc/tests/tests/api/hosts/HostCommentsTest.php" line="4" assertions="0" time="0.000616">
          <failure type="PHPUnit_Framework_AssertionFailedError">HostCommentsTest::testInsertComment
Not implemented

/usr/local/icinga-web/etc/tests/tests/api/hosts/HostCommentsTest.php:5
</failure>
        </testcase>
        <testcase name="testReadComments" class="HostCommentsTest" file="/usr/local/icinga-web/etc/tests/tests/api/hosts/HostCommentsTest.php" line="7" assertions="0" time="0.000691">
          <failure type="PHPUnit_Framework_AssertionFailedError">HostCommentsTest::testReadComments
Not implemented

/usr/local/icinga-web/etc/tests/tests/api/hosts/HostCommentsTest.php:8
</failure>
        </testcase>
      </testsuite>
      <testsuite name="HostCommandsTest" file="/usr/local/icinga-web/etc/tests/tests/api/hosts/HostCommandsTest.php" tests="22" assertions="0" failures="22" errors="0" time="0.023730">
        <testcase name="testProcessCheckResult" class="HostCommandsTest" file="/usr/local/icinga-web/etc/tests/tests/api/hosts/HostCommandsTest.php" line="5" assertions="0" time="0.001452">
          <failure type="PHPUnit_Framework_AssertionFailedError">HostCommandsTest::testProcessCheckResult
Not implemented

/usr/local/icinga-web/etc/tests/tests/api/hosts/HostCommandsTest.php:6
</failure>
        </testcase>
        <testcase name="testAcknowledgeHostProblems" class="HostCommandsTest" file="/usr/local/icinga-web/etc/tests/tests/api/hosts/HostCommandsTest.php" line="8" assertions="0" time="0.000748">
          <failure type="PHPUnit_Framework_AssertionFailedError">HostCommandsTest::testAcknowledgeHostProblems
Not implemented

/usr/local/icinga-web/etc/tests/tests/api/hosts/HostCommandsTest.php:9
</failure>
        </testcase>
        <testcase name="testSheduleDowntime" class="HostCommandsTest" file="/usr/local/icinga-web/etc/tests/tests/api/hosts/HostCommandsTest.php" line="11" assertions="0" time="0.000395">
          <failure type="PHPUnit_Framework_AssertionFailedError">HostCommandsTest::testSheduleDowntime
Not implemented

/usr/local/icinga-web/etc/tests/tests/api/hosts/HostCommandsTest.php:12
</failure>
        </testcase>
        <testcase name="testSheduleDowntimeWithServices" class="HostCommandsTest" file="/usr/local/icinga-web/etc/tests/tests/api/hosts/HostCommandsTest.php" line="14" assertions="0" time="0.001550">
          <failure type="PHPUnit_Framework_AssertionFailedError">HostCommandsTest::testSheduleDowntimeWithServices
Not implemented

/usr/local/icinga-web/etc/tests/tests/api/hosts/HostCommandsTest.php:15
</failure>
        </testcase>
        <testcase name="testScheduleServiceCheck" class="HostCommandsTest" file="/usr/local/icinga-web/etc/tests/tests/api/hosts/HostCommandsTest.php" line="17" assertions="0" time="0.000783">
          <failure type="PHPUnit_Framework_AssertionFailedError">HostCommandsTest::testScheduleServiceCheck
Not implemented

/usr/local/icinga-web/etc/tests/tests/api/hosts/HostCommandsTest.php:18
</failure>
        </testcase>
        <testcase name="testSendCustomHostNotification" class="HostCommandsTest" file="/usr/local/icinga-web/etc/tests/tests/api/hosts/HostCommandsTest.php" line="20" assertions="0" time="0.000484">
          <failure type="PHPUnit_Framework_AssertionFailedError">HostCommandsTest::testSendCustomHostNotification
Not implemented

/usr/local/icinga-web/etc/tests/tests/api/hosts/HostCommandsTest.php:21
</failure>
        </testcase>
        <testcase name="testEnableActiveChecks" class="HostCommandsTest" file="/usr/local/icinga-web/etc/tests/tests/api/hosts/HostCommandsTest.php" line="23" assertions="0" time="0.000824">
          <failure type="PHPUnit_Framework_AssertionFailedError">HostCommandsTest::testEnableActiveChecks
Not implemented

/usr/local/icinga-web/etc/tests/tests/api/hosts/HostCommandsTest.php:24
</failure>
        </testcase>
        <testcase name="testDisableActiveChecks" class="HostCommandsTest" file="/usr/local/icinga-web/etc/tests/tests/api/hosts/HostCommandsTest.php" line="26" assertions="0" time="0.001011">
          <failure type="PHPUnit_Framework_AssertionFailedError">HostCommandsTest::testDisableActiveChecks
Not implemented

/usr/local/icinga-web/etc/tests/tests/api/hosts/HostCommandsTest.php:27
</failure>
        </testcase>
        <testcase name="testStartAcceptingPassiveChecks" class="HostCommandsTest" file="/usr/local/icinga-web/etc/tests/tests/api/hosts/HostCommandsTest.php" line="29" assertions="0" time="0.001775">
          <failure type="PHPUnit_Framework_AssertionFailedError">HostCommandsTest::testStartAcceptingPassiveChecks
Not implemented

/usr/local/icinga-web/etc/tests/tests/api/hosts/HostCommandsTest.php:30
</failure>
        </testcase>
        <testcase name="testStopAcceptingPassiveChecks" class="HostCommandsTest" file="/usr/local/icinga-web/etc/tests/tests/api/hosts/HostCommandsTest.php" line="32" assertions="0" time="0.001368">
          <failure type="PHPUnit_Framework_AssertionFailedError">HostCommandsTest::testStopAcceptingPassiveChecks
Not implemented

/usr/local/icinga-web/etc/tests/tests/api/hosts/HostCommandsTest.php:33
</failure>
        </testcase>
        <testcase name="testStartObsessing" class="HostCommandsTest" file="/usr/local/icinga-web/etc/tests/tests/api/hosts/HostCommandsTest.php" line="35" assertions="0" time="0.000900">
          <failure type="PHPUnit_Framework_AssertionFailedError">HostCommandsTest::testStartObsessing
Not implemented

/usr/local/icinga-web/etc/tests/tests/api/hosts/HostCommandsTest.php:36
</failure>
        </testcase>
        <testcase name="testStopObsessing" class="HostCommandsTest" file="/usr/local/icinga-web/etc/tests/tests/api/hosts/HostCommandsTest.php" line="38" assertions="0" time="0.001129">
          <failure type="PHPUnit_Framework_AssertionFailedError">HostCommandsTest::testStopObsessing
Not implemented

/usr/local/icinga-web/etc/tests/tests/api/hosts/HostCommandsTest.php:39
</failure>
        </testcase>
        <testcase name="testEnableNotifications" class="HostCommandsTest" file="/usr/local/icinga-web/etc/tests/tests/api/hosts/HostCommandsTest.php" line="41" assertions="0" time="0.000887">
          <failure type="PHPUnit_Framework_AssertionFailedError">HostCommandsTest::testEnableNotifications
Not implemented

/usr/local/icinga-web/etc/tests/tests/api/hosts/HostCommandsTest.php:42
</failure>
        </testcase>
        <testcase name="testDisableNotifications" class="HostCommandsTest" file="/usr/local/icinga-web/etc/tests/tests/api/hosts/HostCommandsTest.php" line="44" assertions="0" time="0.001001">
          <failure type="PHPUnit_Framework_AssertionFailedError">HostCommandsTest::testDisableNotifications
Not implemented

/usr/local/icinga-web/etc/tests/tests/api/hosts/HostCommandsTest.php:45
</failure>
        </testcase>
        <testcase name="testEnableServiceNotifications" class="HostCommandsTest" file="/usr/local/icinga-web/etc/tests/tests/api/hosts/HostCommandsTest.php" line="47" assertions="0" time="0.000789">
          <failure type="PHPUnit_Framework_AssertionFailedError">HostCommandsTest::testEnableServiceNotifications
Not implemented

/usr/local/icinga-web/etc/tests/tests/api/hosts/HostCommandsTest.php:48
</failure>
        </testcase>
        <testcase name="testDisableServiceNotifications" class="HostCommandsTest" file="/usr/local/icinga-web/etc/tests/tests/api/hosts/HostCommandsTest.php" line="50" assertions="0" time="0.001935">
          <failure type="PHPUnit_Framework_AssertionFailedError">HostCommandsTest::testDisableServiceNotifications
Not implemented

/usr/local/icinga-web/etc/tests/tests/api/hosts/HostCommandsTest.php:51
</failure>
        </testcase>
        <testcase name="testEnableServiceChecks" class="HostCommandsTest" file="/usr/local/icinga-web/etc/tests/tests/api/hosts/HostCommandsTest.php" line="53" assertions="0" time="0.000917">
          <failure type="PHPUnit_Framework_AssertionFailedError">HostCommandsTest::testEnableServiceChecks
Not implemented

/usr/local/icinga-web/etc/tests/tests/api/hosts/HostCommandsTest.php:54
</failure>
        </testcase>
        <testcase name="testDisableServicechecks" class="HostCommandsTest" file="/usr/local/icinga-web/etc/tests/tests/api/hosts/HostCommandsTest.php" line="56" assertions="0" time="0.000950">
          <failure type="PHPUnit_Framework_AssertionFailedError">HostCommandsTest::testDisableServicechecks
Not implemented

/usr/local/icinga-web/etc/tests/tests/api/hosts/HostCommandsTest.php:57
</failure>
        </testcase>
        <testcase name="testEnableEventHandler" class="HostCommandsTest" file="/usr/local/icinga-web/etc/tests/tests/api/hosts/HostCommandsTest.php" line="59" assertions="0" time="0.001861">
          <failure type="PHPUnit_Framework_AssertionFailedError">HostCommandsTest::testEnableEventHandler
Not implemented

/usr/local/icinga-web/etc/tests/tests/api/hosts/HostCommandsTest.php:60
</failure>
        </testcase>
        <testcase name="testDisableEventHandler" class="HostCommandsTest" file="/usr/local/icinga-web/etc/tests/tests/api/hosts/HostCommandsTest.php" line="62" assertions="0" time="0.000200">
          <failure type="PHPUnit_Framework_AssertionFailedError">HostCommandsTest::testDisableEventHandler
Not implemented

/usr/local/icinga-web/etc/tests/tests/api/hosts/HostCommandsTest.php:63
</failure>
        </testcase>
        <testcase name="testEnableFlapDetection" class="HostCommandsTest" file="/usr/local/icinga-web/etc/tests/tests/api/hosts/HostCommandsTest.php" line="65" assertions="0" time="0.001829">
          <failure type="PHPUnit_Framework_AssertionFailedError">HostCommandsTest::testEnableFlapDetection
Not implemented

/usr/local/icinga-web/etc/tests/tests/api/hosts/HostCommandsTest.php:66
</failure>
        </testcase>
        <testcase name="testDisableFlapDetection" class="HostCommandsTest" file="/usr/local/icinga-web/etc/tests/tests/api/hosts/HostCommandsTest.php" line="68" assertions="0" time="0.000942">
          <failure type="PHPUnit_Framework_AssertionFailedError">HostCommandsTest::testDisableFlapDetection
Not implemented

/usr/local/icinga-web/etc/tests/tests/api/hosts/HostCommandsTest.php:69
</failure>
        </testcase>
      </testsuite>
      <testsuite name="HostDetailTest" file="/usr/local/icinga-web/etc/tests/tests/api/hosts/HostDetailTest.php" tests="13" assertions="33" failures="0" errors="0" time="0.228108">
        <testcase name="testGetHost" class="HostDetailTest" file="/usr/local/icinga-web/etc/tests/tests/api/hosts/HostDetailTest.php" line="14" assertions="2" time="0.005191"/>
        <testcase name="testGetStatus" class="HostDetailTest" file="/usr/local/icinga-web/etc/tests/tests/api/hosts/HostDetailTest.php" line="26" assertions="3" time="0.013459"/>
        <testcase name="testGetId" class="HostDetailTest" file="/usr/local/icinga-web/etc/tests/tests/api/hosts/HostDetailTest.php" line="39" assertions="1" time="0.006223"/>
        <testcase name="testGetInstance" class="HostDetailTest" file="/usr/local/icinga-web/etc/tests/tests/api/hosts/HostDetailTest.php" line="48" assertions="2" time="0.008770"/>
        <testcase name="testGetAlias" class="HostDetailTest" file="/usr/local/icinga-web/etc/tests/tests/api/hosts/HostDetailTest.php" line="58" assertions="1" time="0.008663"/>
        <testcase name="testGetDisplayname" class="HostDetailTest" file="/usr/local/icinga-web/etc/tests/tests/api/hosts/HostDetailTest.php" line="67" assertions="1" time="0.007645"/>
        <testcase name="testGetAddress" class="HostDetailTest" file="/usr/local/icinga-web/etc/tests/tests/api/hosts/HostDetailTest.php" line="76" assertions="1" time="0.008046"/>
        <testcase name="testGetNotificationTimeperiod" class="HostDetailTest" file="/usr/local/icinga-web/etc/tests/tests/api/hosts/HostDetailTest.php" line="96" assertions="2" time="0.014978"/>
        <testcase name="testGetStateHistory" class="HostDetailTest" file="/usr/local/icinga-web/etc/tests/tests/api/hosts/HostDetailTest.php" line="106" assertions="2" time="0.016584"/>
        <testcase name="testGetHostgroups" class="HostDetailTest" file="/usr/local/icinga-web/etc/tests/tests/api/hosts/HostDetailTest.php" line="148" assertions="4" time="0.036946"/>
        <testcase name="testGetCustomvars" class="HostDetailTest" file="/usr/local/icinga-web/etc/tests/tests/api/hosts/HostDetailTest.php" line="183" assertions="4" time="0.013836"/>
        <testcase name="testGetContactgroups" class="HostDetailTest" file="/usr/local/icinga-web/etc/tests/tests/api/hosts/HostDetailTest.php" line="227" assertions="5" time="0.058318"/>
        <testcase name="testGetServices" class="HostDetailTest" file="/usr/local/icinga-web/etc/tests/tests/api/hosts/HostDetailTest.php" line="260" assertions="5" time="0.029449"/>
      </testsuite>
      <testsuite name="ServiceCommandsTest" file="/usr/local/icinga-web/etc/tests/tests/api/services/ServiceCommandsTest.php" tests="17" assertions="0" failures="17" errors="0" time="0.017058">
        <testcase name="testScheduleNextServiceCheck" class="ServiceCommandsTest" file="/usr/local/icinga-web/etc/tests/tests/api/services/ServiceCommandsTest.php" line="5" assertions="0" time="0.000788">
          <failure type="PHPUnit_Framework_AssertionFailedError">ServiceCommandsTest::testScheduleNextServiceCheck
Not implemented

/usr/local/icinga-web/etc/tests/tests/api/services/ServiceCommandsTest.php:6
</failure>
        </testcase>
        <testcase name="testProcessCheckResult" class="ServiceCommandsTest" file="/usr/local/icinga-web/etc/tests/tests/api/services/ServiceCommandsTest.php" line="8" assertions="0" time="0.000923">
          <failure type="PHPUnit_Framework_AssertionFailedError">ServiceCommandsTest::testProcessCheckResult
Not implemented

/usr/local/icinga-web/etc/tests/tests/api/services/ServiceCommandsTest.php:9
</failure>
        </testcase>
        <testcase name="testAcknowledgeServiceProblems" class="ServiceCommandsTest" file="/usr/local/icinga-web/etc/tests/tests/api/services/ServiceCommandsTest.php" line="11" assertions="0" time="0.000840">
          <failure type="PHPUnit_Framework_AssertionFailedError">ServiceCommandsTest::testAcknowledgeServiceProblems
Not implemented

/usr/local/icinga-web/etc/tests/tests/api/services/ServiceCommandsTest.php:12
</failure>
        </testcase>
        <testcase name="testSheduleDowntime" class="ServiceCommandsTest" file="/usr/local/icinga-web/etc/tests/tests/api/services/ServiceCommandsTest.php" line="14" assertions="0" time="0.000815">
          <failure type="PHPUnit_Framework_AssertionFailedError">ServiceCommandsTest::testSheduleDowntime
Not implemented

/usr/local/icinga-web/etc/tests/tests/api/services/ServiceCommandsTest.php:15
</failure>
        </testcase>
        <testcase name="testSendCustomServiceNotification" class="ServiceCommandsTest" file="/usr/local/icinga-web/etc/tests/tests/api/services/ServiceCommandsTest.php" line="17" assertions="0" time="0.000814">
          <failure type="PHPUnit_Framework_AssertionFailedError">ServiceCommandsTest::testSendCustomServiceNotification
Not implemented

/usr/local/icinga-web/etc/tests/tests/api/services/ServiceCommandsTest.php:18
</failure>
        </testcase>
        <testcase name="testEnableActiveChecks" class="ServiceCommandsTest" file="/usr/local/icinga-web/etc/tests/tests/api/services/ServiceCommandsTest.php" line="20" assertions="0" time="0.000894">
          <failure type="PHPUnit_Framework_AssertionFailedError">ServiceCommandsTest::testEnableActiveChecks
Not implemented

/usr/local/icinga-web/etc/tests/tests/api/services/ServiceCommandsTest.php:21
</failure>
        </testcase>
        <testcase name="testDisableActiveChecks" class="ServiceCommandsTest" file="/usr/local/icinga-web/etc/tests/tests/api/services/ServiceCommandsTest.php" line="23" assertions="0" time="0.001494">
          <failure type="PHPUnit_Framework_AssertionFailedError">ServiceCommandsTest::testDisableActiveChecks
Not implemented

/usr/local/icinga-web/etc/tests/tests/api/services/ServiceCommandsTest.php:24
</failure>
        </testcase>
        <testcase name="testStartAcceptingPassiveChecks" class="ServiceCommandsTest" file="/usr/local/icinga-web/etc/tests/tests/api/services/ServiceCommandsTest.php" line="26" assertions="0" time="0.000790">
          <failure type="PHPUnit_Framework_AssertionFailedError">ServiceCommandsTest::testStartAcceptingPassiveChecks
Not implemented

/usr/local/icinga-web/etc/tests/tests/api/services/ServiceCommandsTest.php:27
</failure>
        </testcase>
        <testcase name="testStopAcceptingPassiveChecks" class="ServiceCommandsTest" file="/usr/local/icinga-web/etc/tests/tests/api/services/ServiceCommandsTest.php" line="29" assertions="0" time="0.000990">
          <failure type="PHPUnit_Framework_AssertionFailedError">ServiceCommandsTest::testStopAcceptingPassiveChecks
Not implemented

/usr/local/icinga-web/etc/tests/tests/api/services/ServiceCommandsTest.php:30
</failure>
        </testcase>
        <testcase name="testStartObsessing" class="ServiceCommandsTest" file="/usr/local/icinga-web/etc/tests/tests/api/services/ServiceCommandsTest.php" line="32" assertions="0" time="0.001124">
          <failure type="PHPUnit_Framework_AssertionFailedError">ServiceCommandsTest::testStartObsessing
Not implemented

/usr/local/icinga-web/etc/tests/tests/api/services/ServiceCommandsTest.php:33
</failure>
        </testcase>
        <testcase name="testStopObsessing" class="ServiceCommandsTest" file="/usr/local/icinga-web/etc/tests/tests/api/services/ServiceCommandsTest.php" line="35" assertions="0" time="0.001287">
          <failure type="PHPUnit_Framework_AssertionFailedError">ServiceCommandsTest::testStopObsessing
Not implemented

/usr/local/icinga-web/etc/tests/tests/api/services/ServiceCommandsTest.php:36
</failure>
        </testcase>
        <testcase name="testEnableNotifications" class="ServiceCommandsTest" file="/usr/local/icinga-web/etc/tests/tests/api/services/ServiceCommandsTest.php" line="38" assertions="0" time="0.001143">
          <failure type="PHPUnit_Framework_AssertionFailedError">ServiceCommandsTest::testEnableNotifications
Not implemented

/usr/local/icinga-web/etc/tests/tests/api/services/ServiceCommandsTest.php:39
</failure>
        </testcase>
        <testcase name="testDisableNotifications" class="ServiceCommandsTest" file="/usr/local/icinga-web/etc/tests/tests/api/services/ServiceCommandsTest.php" line="41" assertions="0" time="0.000853">
          <failure type="PHPUnit_Framework_AssertionFailedError">ServiceCommandsTest::testDisableNotifications
Not implemented

/usr/local/icinga-web/etc/tests/tests/api/services/ServiceCommandsTest.php:42
</failure>
        </testcase>
        <testcase name="testEnableEventHandler" class="ServiceCommandsTest" file="/usr/local/icinga-web/etc/tests/tests/api/services/ServiceCommandsTest.php" line="44" assertions="0" time="0.000931">
          <failure type="PHPUnit_Framework_AssertionFailedError">ServiceCommandsTest::testEnableEventHandler
Not implemented

/usr/local/icinga-web/etc/tests/tests/api/services/ServiceCommandsTest.php:45
</failure>
        </testcase>
        <testcase name="testDisableEventHandler" class="ServiceCommandsTest" file="/usr/local/icinga-web/etc/tests/tests/api/services/ServiceCommandsTest.php" line="47" assertions="0" time="0.000878">
          <failure type="PHPUnit_Framework_AssertionFailedError">ServiceCommandsTest::testDisableEventHandler
Not implemented

/usr/local/icinga-web/etc/tests/tests/api/services/ServiceCommandsTest.php:48
</failure>
        </testcase>
        <testcase name="testEnableFlapDetection" class="ServiceCommandsTest" file="/usr/local/icinga-web/etc/tests/tests/api/services/ServiceCommandsTest.php" line="50" assertions="0" time="0.001001">
          <failure type="PHPUnit_Framework_AssertionFailedError">ServiceCommandsTest::testEnableFlapDetection
Not implemented

/usr/local/icinga-web/etc/tests/tests/api/services/ServiceCommandsTest.php:51
</failure>
        </testcase>
        <testcase name="testDisableFlapDetection" class="ServiceCommandsTest" file="/usr/local/icinga-web/etc/tests/tests/api/services/ServiceCommandsTest.php" line="53" assertions="0" time="0.001493">
          <failure type="PHPUnit_Framework_AssertionFailedError">ServiceCommandsTest::testDisableFlapDetection
Not implemented

/usr/local/icinga-web/etc/tests/tests/api/services/ServiceCommandsTest.php:54
</failure>
        </testcase>
      </testsuite>
      <testsuite name="ServiceDetailTest" file="/usr/local/icinga-web/etc/tests/tests/api/services/ServiceDetailTest.php" tests="11" assertions="23" failures="0" errors="0" time="0.285651">
        <testcase name="testGetServices" class="ServiceDetailTest" file="/usr/local/icinga-web/etc/tests/tests/api/services/ServiceDetailTest.php" line="10" assertions="2" time="0.039795"/>
        <testcase name="testGetStatus" class="ServiceDetailTest" file="/usr/local/icinga-web/etc/tests/tests/api/services/ServiceDetailTest.php" line="20" assertions="3" time="0.029970"/>
        <testcase name="testGetId" class="ServiceDetailTest" file="/usr/local/icinga-web/etc/tests/tests/api/services/ServiceDetailTest.php" line="33" assertions="2" time="0.009481"/>
        <testcase name="testGetInstance" class="ServiceDetailTest" file="/usr/local/icinga-web/etc/tests/tests/api/services/ServiceDetailTest.php" line="44" assertions="1" time="0.007999"/>
        <testcase name="testGetName" class="ServiceDetailTest" file="/usr/local/icinga-web/etc/tests/tests/api/services/ServiceDetailTest.php" line="55" assertions="1" time="0.007065"/>
        <testcase name="testGetCheckcommand" class="ServiceDetailTest" file="/usr/local/icinga-web/etc/tests/tests/api/services/ServiceDetailTest.php" line="71" assertions="1" time="0.014696"/>
        <testcase name="testGetEventhandler" class="ServiceDetailTest" file="/usr/local/icinga-web/etc/tests/tests/api/services/ServiceDetailTest.php" line="83" assertions="1" time="0.052334"/>
        <testcase name="testGetTimeperiods" class="ServiceDetailTest" file="/usr/local/icinga-web/etc/tests/tests/api/services/ServiceDetailTest.php" line="92" assertions="4" time="0.012342"/>
        <testcase name="testGetServicegroups" class="ServiceDetailTest" file="/usr/local/icinga-web/etc/tests/tests/api/services/ServiceDetailTest.php" line="152" assertions="4" time="0.054491"/>
        <testcase name="testGetContactgroups" class="ServiceDetailTest" file="/usr/local/icinga-web/etc/tests/tests/api/services/ServiceDetailTest.php" line="220" assertions="2" time="0.045316"/>
        <testcase name="testGetHost" class="ServiceDetailTest" file="/usr/local/icinga-web/etc/tests/tests/api/services/ServiceDetailTest.php" line="241" assertions="2" time="0.012162"/>
      </testsuite>
      <testsuite name="ServiceOverviewTest" file="/usr/local/icinga-web/etc/tests/tests/api/services/ServiceOverviewTest.php" tests="4" assertions="100" failures="0" errors="0" time="0.403216">
        <testcase name="testServiceListing" class="ServiceOverviewTest" file="/usr/local/icinga-web/etc/tests/tests/api/services/ServiceOverviewTest.php" line="4" assertions="5" time="0.042333"/>
        <testcase name="testStatusFilters" class="ServiceOverviewTest" file="/usr/local/icinga-web/etc/tests/tests/api/services/ServiceOverviewTest.php" line="20" assertions="81" time="0.316699"/>
        <testcase name="testNameFilters" class="ServiceOverviewTest" file="/usr/local/icinga-web/etc/tests/tests/api/services/ServiceOverviewTest.php" line="43" assertions="9" time="0.018562"/>
        <testcase name="testServicegroupFilters" class="ServiceOverviewTest" file="/usr/local/icinga-web/etc/tests/tests/api/services/ServiceOverviewTest.php" line="70" assertions="5" time="0.025622"/>
      </testsuite>
      <testsuite name="ServiceCommentsTest" file="/usr/local/icinga-web/etc/tests/tests/api/services/ServiceCommentsTest.php" tests="2" assertions="0" failures="2" errors="0" time="0.002267">
        <testcase name="testInsertComment" class="ServiceCommentsTest" file="/usr/local/icinga-web/etc/tests/tests/api/services/ServiceCommentsTest.php" line="4" assertions="0" time="0.001525">
          <failure type="PHPUnit_Framework_AssertionFailedError">ServiceCommentsTest::testInsertComment
Not implemented

/usr/local/icinga-web/etc/tests/tests/api/services/ServiceCommentsTest.php:5
</failure>
        </testcase>
        <testcase name="testReadComments" class="ServiceCommentsTest" file="/usr/local/icinga-web/etc/tests/tests/api/services/ServiceCommentsTest.php" line="7" assertions="0" time="0.000742">
          <failure type="PHPUnit_Framework_AssertionFailedError">ServiceCommentsTest::testReadComments
Not implemented

/usr/local/icinga-web/etc/tests/tests/api/services/ServiceCommentsTest.php:8
</failure>
        </testcase>
      </testsuite>
      <testsuite name="HostgroupCommandsTest" file="/usr/local/icinga-web/etc/tests/tests/api/hostgroups/HostgroupCommandsTest.php" tests="8" assertions="0" failures="8" errors="0" time="0.006590">
        <testcase name="testSheduleDowntimeForHosts" class="HostgroupCommandsTest" file="/usr/local/icinga-web/etc/tests/tests/api/hostgroups/HostgroupCommandsTest.php" line="4" assertions="0" time="0.000778">
          <failure type="PHPUnit_Framework_AssertionFailedError">HostgroupCommandsTest::testSheduleDowntimeForHosts
Not implemented

/usr/local/icinga-web/etc/tests/tests/api/hostgroups/HostgroupCommandsTest.php:5
</failure>
        </testcase>
        <testcase name="testSheduleDowntimeForServices" class="HostgroupCommandsTest" file="/usr/local/icinga-web/etc/tests/tests/api/hostgroups/HostgroupCommandsTest.php" line="7" assertions="0" time="0.001635">
          <failure type="PHPUnit_Framework_AssertionFailedError">HostgroupCommandsTest::testSheduleDowntimeForServices
Not implemented

/usr/local/icinga-web/etc/tests/tests/api/hostgroups/HostgroupCommandsTest.php:8
</failure>
        </testcase>
        <testcase name="testEnableHostNotifications" class="HostgroupCommandsTest" file="/usr/local/icinga-web/etc/tests/tests/api/hostgroups/HostgroupCommandsTest.php" line="11" assertions="0" time="0.000167">
          <failure type="PHPUnit_Framework_AssertionFailedError">HostgroupCommandsTest::testEnableHostNotifications
Not implemented

/usr/local/icinga-web/etc/tests/tests/api/hostgroups/HostgroupCommandsTest.php:12
</failure>
        </testcase>
        <testcase name="testDisableHostNotifications" class="HostgroupCommandsTest" file="/usr/local/icinga-web/etc/tests/tests/api/hostgroups/HostgroupCommandsTest.php" line="14" assertions="0" time="0.000159">
          <failure type="PHPUnit_Framework_AssertionFailedError">HostgroupCommandsTest::testDisableHostNotifications
Not implemented

/usr/local/icinga-web/etc/tests/tests/api/hostgroups/HostgroupCommandsTest.php:15
</failure>
        </testcase>
        <testcase name="testEnableServiceNotifications" class="HostgroupCommandsTest" file="/usr/local/icinga-web/etc/tests/tests/api/hostgroups/HostgroupCommandsTest.php" line="17" assertions="0" time="0.001405">
          <failure type="PHPUnit_Framework_AssertionFailedError">HostgroupCommandsTest::testEnableServiceNotifications
Not implemented

/usr/local/icinga-web/etc/tests/tests/api/hostgroups/HostgroupCommandsTest.php:18
</failure>
        </testcase>
        <testcase name="testDisableServiceNotifications" class="HostgroupCommandsTest" file="/usr/local/icinga-web/etc/tests/tests/api/hostgroups/HostgroupCommandsTest.php" line="20" assertions="0" time="0.000814">
          <failure type="PHPUnit_Framework_AssertionFailedError">HostgroupCommandsTest::testDisableServiceNotifications
Not implemented

/usr/local/icinga-web/etc/tests/tests/api/hostgroups/HostgroupCommandsTest.php:21
</failure>
        </testcase>
        <testcase name="testEnableServiceActiveChecks" class="HostgroupCommandsTest" file="/usr/local/icinga-web/etc/tests/tests/api/hostgroups/HostgroupCommandsTest.php" line="23" assertions="0" time="0.000833">
          <failure type="PHPUnit_Framework_AssertionFailedError">HostgroupCommandsTest::testEnableServiceActiveChecks
Not implemented

/usr/local/icinga-web/etc/tests/tests/api/hostgroups/HostgroupCommandsTest.php:24
</failure>
        </testcase>
        <testcase name="testDisableServiceActiveChecks" class="HostgroupCommandsTest" file="/usr/local/icinga-web/etc/tests/tests/api/hostgroups/HostgroupCommandsTest.php" line="26" assertions="0" time="0.000799">
          <failure type="PHPUnit_Framework_AssertionFailedError">HostgroupCommandsTest::testDisableServiceActiveChecks
Not implemented

/usr/local/icinga-web/etc/tests/tests/api/hostgroups/HostgroupCommandsTest.php:27
</failure>
        </testcase>
      </testsuite>
      <testsuite name="HostgroupOverviewTest" file="/usr/local/icinga-web/etc/tests/tests/api/hostgroups/HostgroupOverviewTest.php" tests="6" assertions="20" failures="0" errors="0" time="0.129615">
        <testcase name="testHostgroupListing" class="HostgroupOverviewTest" file="/usr/local/icinga-web/etc/tests/tests/api/hostgroups/HostgroupOverviewTest.php" line="4" assertions="2" time="0.007486"/>
        <testcase name="testStatusFilters" class="HostgroupOverviewTest" file="/usr/local/icinga-web/etc/tests/tests/api/hostgroups/HostgroupOverviewTest.php" line="11" assertions="5" time="0.074580"/>
        <testcase name="testHostFilters" class="HostgroupOverviewTest" file="/usr/local/icinga-web/etc/tests/tests/api/hostgroups/HostgroupOverviewTest.php" line="29" assertions="6" time="0.010119"/>
        <testcase name="testServiceFilters" class="HostgroupOverviewTest" file="/usr/local/icinga-web/etc/tests/tests/api/hostgroups/HostgroupOverviewTest.php" line="61" assertions="3" time="0.026663"/>
        <testcase name="testNameFilters" class="HostgroupOverviewTest" file="/usr/local/icinga-web/etc/tests/tests/api/hostgroups/HostgroupOverviewTest.php" line="80" assertions="3" time="0.006550"/>
        <testcase name="testInstanceFilters" class="HostgroupOverviewTest" file="/usr/local/icinga-web/etc/tests/tests/api/hostgroups/HostgroupOverviewTest.php" line="95" assertions="1" time="0.004217"/>
      </testsuite>
      <testsuite name="ServicegroupOverviewTest" file="/usr/local/icinga-web/etc/tests/tests/api/servicegroups/ServicegroupOverviewTest.php" tests="5" assertions="13" failures="0" errors="0" time="0.092139">
        <testcase name="testServicegroupListing" class="ServicegroupOverviewTest" file="/usr/local/icinga-web/etc/tests/tests/api/servicegroups/ServicegroupOverviewTest.php" line="4" assertions="2" time="0.003396"/>
        <testcase name="testStatusFilters" class="ServicegroupOverviewTest" file="/usr/local/icinga-web/etc/tests/tests/api/servicegroups/ServicegroupOverviewTest.php" line="11" assertions="2" time="0.046145"/>
        <testcase name="testServiceFilters" class="ServicegroupOverviewTest" file="/usr/local/icinga-web/etc/tests/tests/api/servicegroups/ServicegroupOverviewTest.php" line="29" assertions="6" time="0.025166"/>
        <testcase name="testNameFilters" class="ServicegroupOverviewTest" file="/usr/local/icinga-web/etc/tests/tests/api/servicegroups/ServicegroupOverviewTest.php" line="60" assertions="2" time="0.012012"/>
        <testcase name="testInstanceFilters" class="ServicegroupOverviewTest" file="/usr/local/icinga-web/etc/tests/tests/api/servicegroups/ServicegroupOverviewTest.php" line="71" assertions="1" time="0.005420"/>
      </testsuite>
      <testsuite name="ServicegroupCommandsTest" file="/usr/local/icinga-web/etc/tests/tests/api/servicegroups/ServicegroupCommandsTest.php" tests="8" assertions="0" failures="8" errors="0" time="0.008377">
        <testcase name="testSheduleDowntimeForHosts" class="ServicegroupCommandsTest" file="/usr/local/icinga-web/etc/tests/tests/api/servicegroups/ServicegroupCommandsTest.php" line="4" assertions="0" time="0.000912">
          <failure type="PHPUnit_Framework_AssertionFailedError">ServicegroupCommandsTest::testSheduleDowntimeForHosts
Not implemented

/usr/local/icinga-web/etc/tests/tests/api/servicegroups/ServicegroupCommandsTest.php:5
</failure>
        </testcase>
        <testcase name="testSheduleDowntimeForServices" class="ServicegroupCommandsTest" file="/usr/local/icinga-web/etc/tests/tests/api/servicegroups/ServicegroupCommandsTest.php" line="7" assertions="0" time="0.001478">
          <failure type="PHPUnit_Framework_AssertionFailedError">ServicegroupCommandsTest::testSheduleDowntimeForServices
Not implemented

/usr/local/icinga-web/etc/tests/tests/api/servicegroups/ServicegroupCommandsTest.php:8
</failure>
        </testcase>
        <testcase name="testEnableHostNotifications" class="ServicegroupCommandsTest" file="/usr/local/icinga-web/etc/tests/tests/api/servicegroups/ServicegroupCommandsTest.php" line="11" assertions="0" time="0.000747">
          <failure type="PHPUnit_Framework_AssertionFailedError">ServicegroupCommandsTest::testEnableHostNotifications
Not implemented

/usr/local/icinga-web/etc/tests/tests/api/servicegroups/ServicegroupCommandsTest.php:12
</failure>
        </testcase>
        <testcase name="testDisableHostNotifications" class="ServicegroupCommandsTest" file="/usr/local/icinga-web/etc/tests/tests/api/servicegroups/ServicegroupCommandsTest.php" line="14" assertions="0" time="0.000895">
          <failure type="PHPUnit_Framework_AssertionFailedError">ServicegroupCommandsTest::testDisableHostNotifications
Not implemented

/usr/local/icinga-web/etc/tests/tests/api/servicegroups/ServicegroupCommandsTest.php:15
</failure>
        </testcase>
        <testcase name="testEnableServiceNotifications" class="ServicegroupCommandsTest" file="/usr/local/icinga-web/etc/tests/tests/api/servicegroups/ServicegroupCommandsTest.php" line="17" assertions="0" time="0.001754">
          <failure type="PHPUnit_Framework_AssertionFailedError">ServicegroupCommandsTest::testEnableServiceNotifications
Not implemented

/usr/local/icinga-web/etc/tests/tests/api/servicegroups/ServicegroupCommandsTest.php:18
</failure>
        </testcase>
        <testcase name="testDisableServiceNotifications" class="ServicegroupCommandsTest" file="/usr/local/icinga-web/etc/tests/tests/api/servicegroups/ServicegroupCommandsTest.php" line="20" assertions="0" time="0.000837">
          <failure type="PHPUnit_Framework_AssertionFailedError">ServicegroupCommandsTest::testDisableServiceNotifications
Not implemented

/usr/local/icinga-web/etc/tests/tests/api/servicegroups/ServicegroupCommandsTest.php:21
</failure>
        </testcase>
        <testcase name="testEnableServiceActiveChecks" class="ServicegroupCommandsTest" file="/usr/local/icinga-web/etc/tests/tests/api/servicegroups/ServicegroupCommandsTest.php" line="23" assertions="0" time="0.000784">
          <failure type="PHPUnit_Framework_AssertionFailedError">ServicegroupCommandsTest::testEnableServiceActiveChecks
Not implemented

/usr/local/icinga-web/etc/tests/tests/api/servicegroups/ServicegroupCommandsTest.php:24
</failure>
        </testcase>
        <testcase name="testDisableServiceActiveChecks" class="ServicegroupCommandsTest" file="/usr/local/icinga-web/etc/tests/tests/api/servicegroups/ServicegroupCommandsTest.php" line="26" assertions="0" time="0.000970">
          <failure type="PHPUnit_Framework_AssertionFailedError">ServicegroupCommandsTest::testDisableServiceActiveChecks
Not implemented

/usr/local/icinga-web/etc/tests/tests/api/servicegroups/ServicegroupCommandsTest.php:27
</failure>
        </testcase>
      </testsuite>
    </testsuite>
  </testsuite>
</testsuites>
